<?xml version="1.0" encoding="UTF-8"?>
<!-- Generated by org.testng.reporters.JUnitReportReporter -->
<testsuite skipped="0" hostname="asms-MacBook-Pro.local" name="TestRunner.Cucumber$CucumberRunnerTests" tests="2" failures="0" timestamp="2024-02-07T12:38:40 BDT" time="67.132" errors="2">
  <testcase name="runScenario" time="65.981" classname="TestRunner.Cucumber$CucumberRunnerTests">
    <error type="org.openqa.selenium.SessionNotCreatedException" message="Could not start a new session. Response code 500. Message: session not created: This version of ChromeDriver only supports Chrome version 114
Current browser version is 121.0.6167.139 with binary path /Applications/Google Chrome.app/Contents/MacOS/Google Chrome
Build info: version: &#039;4.1.2&#039;, revision: &#039;9a5a329c5a&#039;
System info: host: &#039;asms-MacBook-Pro.local&#039;, ip: &#039;fe80:0:0:0:42d:da31:b37d:ed43%en0&#039;, os.name: &#039;Mac OS X&#039;, os.arch: &#039;x86_64&#039;, os.version: &#039;10.16&#039;, java.version: &#039;1.8.0_202&#039;
Driver info: org.openqa.selenium.chrome.ChromeDriver
Command: [null, newSession {capabilities=[Capabilities {browserName: chrome, goog:chromeOptions: {args: [--remote-allow-origins=*], extensions: [], prefs: {profile: {managed_default_content_settings: {geolocation: 2, notifications: 2}}}}}], desiredCapabilities=Capabilities {browserName: chrome, goog:chromeOptions: {args: [--remote-allow-origins=*], extensions: [], prefs: {profile: {managed_default_content_settings: {geolocation: 2, notifications: 2}}}}}}]">
      <![CDATA[org.openqa.selenium.SessionNotCreatedException: Could not start a new session. Response code 500. Message: session not created: This version of ChromeDriver only supports Chrome version 114
Current browser version is 121.0.6167.139 with binary path /Applications/Google Chrome.app/Contents/MacOS/Google Chrome
Build info: version: '4.1.2', revision: '9a5a329c5a'
System info: host: 'asms-MacBook-Pro.local', ip: 'fe80:0:0:0:42d:da31:b37d:ed43%en0', os.name: 'Mac OS X', os.arch: 'x86_64', os.version: '10.16', java.version: '1.8.0_202'
Driver info: org.openqa.selenium.chrome.ChromeDriver
Command: [null, newSession {capabilities=[Capabilities {browserName: chrome, goog:chromeOptions: {args: [--remote-allow-origins=*], extensions: [], prefs: {profile: {managed_default_content_settings: {geolocation: 2, notifications: 2}}}}}], desiredCapabilities=Capabilities {browserName: chrome, goog:chromeOptions: {args: [--remote-allow-origins=*], extensions: [], prefs: {profile: {managed_default_content_settings: {geolocation: 2, notifications: 2}}}}}}]
at org.openqa.selenium.remote.ProtocolHandshake.createSession(ProtocolHandshake.java:126)
at org.openqa.selenium.remote.ProtocolHandshake.createSession(ProtocolHandshake.java:84)
at org.openqa.selenium.remote.ProtocolHandshake.createSession(ProtocolHandshake.java:62)
at org.openqa.selenium.remote.HttpCommandExecutor.execute(HttpCommandExecutor.java:156)
at org.openqa.selenium.remote.service.DriverCommandExecutor.invokeExecute(DriverCommandExecutor.java:167)
at org.openqa.selenium.remote.service.DriverCommandExecutor.execute(DriverCommandExecutor.java:142)
at org.openqa.selenium.remote.RemoteWebDriver.execute(RemoteWebDriver.java:558)
at org.openqa.selenium.remote.RemoteWebDriver.startSession(RemoteWebDriver.java:245)
at org.openqa.selenium.remote.RemoteWebDriver.<init>(RemoteWebDriver.java:161)
at org.openqa.selenium.chromium.ChromiumDriver.<init>(ChromiumDriver.java:108)
at org.openqa.selenium.chrome.ChromeDriver.<init>(ChromeDriver.java:106)
at org.openqa.selenium.chrome.ChromeDriver.<init>(ChromeDriver.java:93)
at org.openqa.selenium.chrome.ChromeDriver.<init>(ChromeDriver.java:82)
at Core.Helper.browser(Helper.java:32)
at Stepdefination.AddCustomerStepdefs.baseUrl(AddCustomerStepdefs.java:28)
at ✽.base url(file:///Users/asmfaisal/Desktop/BANKAUTOMATIONTESTNG/XYZBANKAUTOMATION/src/test/resources/Feature.login/01AddCustomer.feature:5)
]]>
    </error>
  </testcase> <!-- runScenario -->
  <system-out/>
  <testcase name="runScenario" time="1.151" classname="TestRunner.Cucumber$CucumberRunnerTests">
    <error type="java.lang.NullPointerException">
      <![CDATA[java.lang.NullPointerException
at POM.Element.userInOpenAccountPage(Element.java:50)
at Stepdefination.OpenAccountStepdefs.userInOpenAccountPage(OpenAccountStepdefs.java:16)
at ✽.user in open account page(file:///Users/asmfaisal/Desktop/BANKAUTOMATIONTESTNG/XYZBANKAUTOMATION/src/test/resources/Feature.login/02openaccount.feature:4)
]]>
    </error>
  </testcase> <!-- runScenario -->
  <system-out/>
</testsuite> <!-- TestRunner.Cucumber$CucumberRunnerTests -->
