<html>
<head>
<title>TestNG:  Cucumber Test Run</title>
<link href="../testng.css" rel="stylesheet" type="text/css" />
<link href="../my-testng.css" rel="stylesheet" type="text/css" />

<style type="text/css">
.log { display: none;} 
.stack-trace { display: none;} 
</style>
<script type="text/javascript">
<!--
function flip(e) {
  current = e.style.display;
  if (current == 'block') {
    e.style.display = 'none';
    return 0;
  }
  else {
    e.style.display = 'block';
    return 1;
  }
}

function toggleBox(szDivId, elem, msg1, msg2)
{
  var res = -1;  if (document.getElementById) {
    res = flip(document.getElementById(szDivId));
  }
  else if (document.all) {
    // this is the way old msie versions work
    res = flip(document.all[szDivId]);
  }
  if(elem) {
    if(res == 0) elem.innerHTML = msg1; else elem.innerHTML = msg2;
  }

}

function toggleAllBoxes() {
  if (document.getElementsByTagName) {
    d = document.getElementsByTagName('div');
    for (i = 0; i < d.length; i++) {
      if (d[i].className == 'log') {
        flip(d[i]);
      }
    }
  }
}

// -->
</script>

</head>
<body>
<h2 align='center'>Cucumber Test Run</h2><table border='1' align="center">
<tr>
<td>Tests passed/Failed/Skipped:</td><td>0/2/0</td>
</tr><tr>
<td>Started on:</td><td>Wed Feb 07 12:37:31 BDT 2024</td>
</tr>
<tr><td>Total time:</td><td>68 seconds (68592 ms)</td>
</tr><tr>
<td>Included groups:</td><td></td>
</tr><tr>
<td>Excluded groups:</td><td></td>
</tr>
</table><p/>
<small><i>(Hover the method name to see the test class name)</i></small><p/>
<table width='100%' border='1' class='invocation-failed'>
<tr><td colspan='4' align='center'><b>FAILED TESTS</b></td></tr>
<tr><td><b>Test method</b></td>
<td width="30%"><b>Exception</b></td>
<td width="10%"><b>Time (seconds)</b></td>
<td><b>Instance</b></td>
</tr>
<tr>
<td title='TestRunner.Cucumber$CucumberRunnerTests.runScenario()'><b>runScenario</b><br>Test class: TestRunner.Cucumber$CucumberRunnerTests<br>Test method: Runs Cucumber Scenarios<br>Parameters: "user will fillup Add Customer form with valid data", "Optional[Add Customer]"</td>
<td><div><pre>org.openqa.selenium.SessionNotCreatedException: Could not start a new session. Response code 500. Message: session not created: This version of ChromeDriver only supports Chrome version 114
Current browser version is 121.0.6167.139 with binary path /Applications/Google Chrome.app/Contents/MacOS/Google Chrome
Build info: version: &apos;4.1.2&apos;, revision: &apos;9a5a329c5a&apos;
System info: host: &apos;asms-MacBook-Pro.local&apos;, ip: &apos;fe80:0:0:0:42d:da31:b37d:ed43%en0&apos;, os.name: &apos;Mac OS X&apos;, os.arch: &apos;x86_64&apos;, os.version: &apos;10.16&apos;, java.version: &apos;1.8.0_202&apos;
Driver info: org.openqa.selenium.chrome.ChromeDriver
Command: [null, newSession {capabilities=[Capabilities {browserName: chrome, goog:chromeOptions: {args: [--remote-allow-origins=*], extensions: [], prefs: {profile: {managed_default_content_settings: {geolocation: 2, notifications: 2}}}}}], desiredCapabilities=Capabilities {browserName: chrome, goog:chromeOptions: {args: [--remote-allow-origins=*], extensions: [], prefs: {profile: {managed_default_content_settings: {geolocation: 2, notifications: 2}}}}}}]
	at org.openqa.selenium.remote.ProtocolHandshake.createSession(ProtocolHandshake.java:126)
	at org.openqa.selenium.remote.ProtocolHandshake.createSession(ProtocolHandshake.java:84)
	at org.openqa.selenium.remote.ProtocolHandshake.createSession(ProtocolHandshake.java:62)
	at org.openqa.selenium.remote.HttpCommandExecutor.execute(HttpCommandExecutor.java:156)
	at org.openqa.selenium.remote.service.DriverCommandExecutor.invokeExecute(DriverCommandExecutor.java:167)
	at org.openqa.selenium.remote.service.DriverCommandExecutor.execute(DriverCommandExecutor.java:142)
	at org.openqa.selenium.remote.RemoteWebDriver.execute(RemoteWebDriver.java:558)
	at org.openqa.selenium.remote.RemoteWebDriver.startSession(RemoteWebDriver.java:245)
	at org.openqa.selenium.remote.RemoteWebDriver.&lt;init&gt;(RemoteWebDriver.java:161)
	at org.openqa.selenium.chromium.ChromiumDriver.&lt;init&gt;(ChromiumDriver.java:108)
	at org.openqa.selenium.chrome.ChromeDriver.&lt;init&gt;(ChromeDriver.java:106)
	at org.openqa.selenium.chrome.ChromeDriver.&lt;init&gt;(ChromeDriver.java:93)
	at org.openqa.selenium.chrome.ChromeDriver.&lt;init&gt;(ChromeDriver.java:82)
	at Core.Helper.browser(Helper.java:32)
	at Stepdefination.AddCustomerStepdefs.baseUrl(AddCustomerStepdefs.java:28)
	at ✽.base url(file:///Users/asmfaisal/Desktop/BANKAUTOMATIONTESTNG/XYZBANKAUTOMATION/src/test/resources/Feature.login/01AddCustomer.feature:5)
</pre></div><a href='#' onClick='toggleBox("stack-trace1512903453", this, "Click to show all stack frames", "Click to hide stack frames")'>Click to show all stack frames</a>
<div class='stack-trace' id='stack-trace1512903453'><pre>org.openqa.selenium.SessionNotCreatedException: Could not start a new session. Response code 500. Message: session not created: This version of ChromeDriver only supports Chrome version 114
Current browser version is 121.0.6167.139 with binary path /Applications/Google Chrome.app/Contents/MacOS/Google Chrome
Build info: version: &apos;4.1.2&apos;, revision: &apos;9a5a329c5a&apos;
System info: host: &apos;asms-MacBook-Pro.local&apos;, ip: &apos;fe80:0:0:0:42d:da31:b37d:ed43%en0&apos;, os.name: &apos;Mac OS X&apos;, os.arch: &apos;x86_64&apos;, os.version: &apos;10.16&apos;, java.version: &apos;1.8.0_202&apos;
Driver info: org.openqa.selenium.chrome.ChromeDriver
Command: [null, newSession {capabilities=[Capabilities {browserName: chrome, goog:chromeOptions: {args: [--remote-allow-origins=*], extensions: [], prefs: {profile: {managed_default_content_settings: {geolocation: 2, notifications: 2}}}}}], desiredCapabilities=Capabilities {browserName: chrome, goog:chromeOptions: {args: [--remote-allow-origins=*], extensions: [], prefs: {profile: {managed_default_content_settings: {geolocation: 2, notifications: 2}}}}}}]
	at org.openqa.selenium.remote.ProtocolHandshake.createSession(ProtocolHandshake.java:126)
	at org.openqa.selenium.remote.ProtocolHandshake.createSession(ProtocolHandshake.java:84)
	at org.openqa.selenium.remote.ProtocolHandshake.createSession(ProtocolHandshake.java:62)
	at org.openqa.selenium.remote.HttpCommandExecutor.execute(HttpCommandExecutor.java:156)
	at org.openqa.selenium.remote.service.DriverCommandExecutor.invokeExecute(DriverCommandExecutor.java:167)
	at org.openqa.selenium.remote.service.DriverCommandExecutor.execute(DriverCommandExecutor.java:142)
	at org.openqa.selenium.remote.RemoteWebDriver.execute(RemoteWebDriver.java:558)
	at org.openqa.selenium.remote.RemoteWebDriver.startSession(RemoteWebDriver.java:245)
	at org.openqa.selenium.remote.RemoteWebDriver.&lt;init&gt;(RemoteWebDriver.java:161)
	at org.openqa.selenium.chromium.ChromiumDriver.&lt;init&gt;(ChromiumDriver.java:108)
	at org.openqa.selenium.chrome.ChromeDriver.&lt;init&gt;(ChromeDriver.java:106)
	at org.openqa.selenium.chrome.ChromeDriver.&lt;init&gt;(ChromeDriver.java:93)
	at org.openqa.selenium.chrome.ChromeDriver.&lt;init&gt;(ChromeDriver.java:82)
	at Core.Helper.browser(Helper.java:32)
	at Stepdefination.AddCustomerStepdefs.baseUrl(AddCustomerStepdefs.java:28)
	at ✽.base url(file:///Users/asmfaisal/Desktop/BANKAUTOMATIONTESTNG/XYZBANKAUTOMATION/src/test/resources/Feature.login/01AddCustomer.feature:5)
</pre></div></td>
<td>65</td>
<td>TestRunner.Cucumber$CucumberRunnerTests@3835c46</td></tr>
<tr>
<td title='TestRunner.Cucumber$CucumberRunnerTests.runScenario()'><b>runScenario</b><br>Test class: TestRunner.Cucumber$CucumberRunnerTests<br>Test method: Runs Cucumber Scenarios<br>Parameters: "open account", "Optional[Open Account]"</td>
<td><div><pre>java.lang.NullPointerException
	at POM.Element.userInOpenAccountPage(Element.java:50)
	at Stepdefination.OpenAccountStepdefs.userInOpenAccountPage(OpenAccountStepdefs.java:16)
	at ✽.user in open account page(file:///Users/asmfaisal/Desktop/BANKAUTOMATIONTESTNG/XYZBANKAUTOMATION/src/test/resources/Feature.login/02openaccount.feature:4)
</pre></div><a href='#' onClick='toggleBox("stack-trace551421413", this, "Click to show all stack frames", "Click to hide stack frames")'>Click to show all stack frames</a>
<div class='stack-trace' id='stack-trace551421413'><pre>java.lang.NullPointerException
	at POM.Element.userInOpenAccountPage(Element.java:50)
	at Stepdefination.OpenAccountStepdefs.userInOpenAccountPage(OpenAccountStepdefs.java:16)
	at ✽.user in open account page(file:///Users/asmfaisal/Desktop/BANKAUTOMATIONTESTNG/XYZBANKAUTOMATION/src/test/resources/Feature.login/02openaccount.feature:4)
</pre></div></td>
<td>1</td>
<td>TestRunner.Cucumber$CucumberRunnerTests@3835c46</td></tr>
</table><p>
</body>
</html>